SF:lib\core\error\failure.dart
DA:6,5
DA:8,2
DA:9,2
LF:3
LH:3
end_of_record
SF:lib\features\login\domain\entity\login.dart
DA:8,3
DA:10,0
DA:11,0
LF:3
LH:1
end_of_record
SF:lib\features\login\domain\usecase\login_user.dart
DA:11,1
DA:13,1
DA:15,4
DA:26,4
DA:28,1
DA:29,3
LF:6
LH:6
end_of_record
SF:lib\core\usecase\usecase.dart
DA:14,1
DA:16,1
LF:2
LH:2
end_of_record
SF:lib\features\login\presentation\bloc\login_state.dart
DA:4,13
DA:8,1
DA:9,1
DA:13,1
DA:14,1
DA:19,1
DA:20,0
DA:21,0
DA:27,12
DA:28,1
DA:29,2
LF:11
LH:9
end_of_record
SF:lib\features\login\presentation\bloc\login_event.dart
DA:4,2
DA:12,2
DA:14,0
DA:16,0
LF:4
LH:2
end_of_record
SF:lib\features\login\presentation\bloc\login_bloc.dart
DA:18,3
DA:19,2
DA:23,1
DA:24,2
DA:25,2
DA:26,5
DA:27,2
DA:28,1
DA:29,1
DA:30,2
LF:10
LH:10
end_of_record
SF:lib\features\sign_up\presentation\bloc\sign_up_bloc.dart
DA:18,3
DA:19,2
DA:22,1
DA:24,2
DA:25,2
DA:26,3
DA:27,1
DA:28,1
DA:29,1
DA:30,2
DA:31,1
DA:32,1
DA:33,2
LF:13
LH:13
end_of_record
SF:lib\features\sign_up\presentation\bloc\sign_up_event.dart
DA:4,1
DA:12,1
DA:14,0
DA:15,0
LF:4
LH:2
end_of_record
SF:lib\features\sign_up\presentation\bloc\sign_up_state.dart
DA:4,12
DA:8,1
DA:9,1
DA:13,1
DA:14,1
DA:20,1
DA:21,0
DA:22,0
DA:28,11
DA:29,1
DA:30,2
LF:11
LH:9
end_of_record
SF:lib\features\sign_up\domain\entity\sign_up.dart
DA:8,4
DA:15,0
DA:16,0
LF:3
LH:1
end_of_record
SF:lib\features\sign_up\domain\usecases\register_user.dart
DA:12,1
DA:14,1
DA:16,5
DA:31,3
DA:33,1
DA:34,4
LF:6
LH:6
end_of_record
SF:lib\features\sign_up\data\model\sign_up_model.dart
DA:6,1
DA:8,0
DA:9,0
LF:3
LH:1
end_of_record
SF:lib\features\sign_up\data\repository\sign_up_repository_impl.dart
DA:15,1
DA:20,1
DA:23,2
DA:24,1
DA:25,1
DA:26,2
DA:31,1
DA:34,2
DA:35,1
DA:36,1
DA:37,2
LF:11
LH:11
end_of_record
SF:lib\features\sign_up\data\data source\sign_up_data_source.dart
DA:18,0
DA:21,0
DA:22,0
DA:23,0
DA:24,0
DA:25,0
DA:26,0
DA:29,0
DA:34,0
DA:36,0
DA:37,0
DA:39,0
DA:42,0
LF:13
LH:0
end_of_record
SF:lib\core\utility\toast.dart
DA:6,0
DA:7,0
LF:2
LH:0
end_of_record
SF:lib\features\sign_up\domain\usecases\create_user.dart
DA:12,1
DA:14,1
DA:16,5
DA:31,1
DA:33,0
DA:34,0
LF:6
LH:4
end_of_record
SF:lib\features\subject\data\data source\subject_data_source.dart
DA:23,0
DA:26,0
DA:27,0
DA:29,0
DA:35,0
DA:38,0
DA:42,0
DA:44,0
DA:47,0
DA:48,0
DA:49,0
DA:50,0
DA:51,0
DA:52,0
DA:58,0
DA:60,0
DA:63,0
DA:64,0
DA:65,0
DA:66,0
DA:67,0
LF:21
LH:0
end_of_record
SF:lib\features\subject\data\model\subject_model.dart
DA:5,1
DA:9,0
DA:11,0
DA:12,0
DA:13,0
DA:16,0
DA:17,0
DA:19,0
DA:20,0
DA:21,0
DA:22,0
LF:11
LH:1
end_of_record
SF:lib\features\subject\data\repository\subject_repository_impl.dart
DA:12,1
DA:15,1
DA:18,2
DA:19,1
DA:20,1
DA:21,2
DA:25,1
DA:28,2
DA:29,1
DA:30,1
DA:31,2
DA:35,1
DA:38,2
DA:39,1
DA:40,1
DA:41,2
LF:16
LH:16
end_of_record
SF:lib\features\subject\domain\entity\subject.dart
DA:9,5
DA:11,0
DA:12,0
LF:3
LH:1
end_of_record
SF:lib\features\subject\domain\usecase\add_subject.dart
DA:11,1
DA:13,1
DA:15,5
DA:26,3
DA:28,0
DA:29,0
LF:6
LH:4
end_of_record
SF:lib\features\subject\domain\usecase\viewAllSubject.dart
DA:11,1
DA:13,1
DA:15,2
LF:3
LH:3
end_of_record
SF:lib\features\subject\domain\usecase\viewSubject.dart
DA:11,1
DA:13,1
DA:15,2
LF:3
LH:3
end_of_record
SF:lib\features\subject\presentation\bloc\subject_event.dart
DA:4,2
DA:12,1
DA:14,0
DA:15,0
DA:21,0
DA:22,0
DA:29,0
DA:30,0
LF:8
LH:2
end_of_record
SF:lib\features\subject\presentation\bloc\subject_state.dart
DA:4,3
DA:8,1
DA:9,1
DA:13,1
DA:14,1
DA:20,1
DA:22,0
DA:23,0
DA:30,1
DA:31,1
DA:36,1
DA:37,1
DA:42,2
DA:44,1
DA:45,2
LF:15
LH:13
end_of_record
SF:lib\features\subject\presentation\bloc\subject_bloc.dart
DA:24,3
DA:25,2
DA:26,2
DA:27,2
DA:31,1
DA:33,2
DA:34,2
DA:35,6
DA:36,2
DA:37,1
DA:38,0
DA:39,0
DA:43,1
DA:45,2
DA:46,2
DA:48,3
DA:49,2
DA:50,1
DA:51,1
DA:52,2
DA:58,1
DA:59,2
DA:60,2
DA:62,3
DA:63,2
DA:64,1
DA:65,1
DA:66,2
LF:28
LH:26
end_of_record
